Using pre-set license
Built from '2020.3/staging' branch; Version is '2020.3.20f1 (41c4e627c95f) revision 4310246'; Using compiler version '192528614'; Build Type 'Release'
OS: 'Windows 10 Home; OS build 19042.1237; Version 2009; 64bit' Language: 'en' Physical Memory: 16322 MB
BatchMode: 1, IsHumanControllingUs: 0, StartBugReporterOnCrash: 0, Is64bit: 1, IsPro: 0

COMMAND LINE ARGUMENTS:
L:\Unity\2020.3.20f1\Editor\Unity.exe
-adb2
-batchMode
-noUpm
-name
AssetImportWorker0
-projectPath
L:/Unity/Scaffold Project (Group 10)
-logFile
Logs/AssetImportWorker0.log
-srvPort
57769
Successfully changed project path to: L:/Unity/Scaffold Project (Group 10)
L:/Unity/Scaffold Project (Group 10)
Using Asset Import Pipeline V2.
Refreshing native plugins compatible for Editor in 25.78 ms, found 2 plugins.
Preloading 0 native plugins for Editor in 0.00 ms.
Initialize engine version: 2020.3.20f1 (41c4e627c95f)
[Subsystems] Discovering subsystems at path L:/Unity/2020.3.20f1/Editor/Data/Resources/UnitySubsystems
[Subsystems] Discovering subsystems at path L:/Unity/Scaffold Project (Group 10)/Assets
GfxDevice: creating device client; threaded=0
Direct3D:
    Version:  Direct3D 11.0 [level 11.1]
    Renderer: Radeon (TM) RX 480 Graphics (ID=0x67df)
    Vendor:   
    VRAM:     8171 MB
    Driver:   30.0.13025.5005
Initialize mono
Mono path[0] = 'L:/Unity/2020.3.20f1/Editor/Data/Managed'
Mono path[1] = 'L:/Unity/2020.3.20f1/Editor/Data/MonoBleedingEdge/lib/mono/unityjit'
Mono config path = 'L:/Unity/2020.3.20f1/Editor/Data/MonoBleedingEdge/etc'
Using monoOptions --debugger-agent=transport=dt_socket,embedding=1,server=y,suspend=n,address=127.0.0.1:56528
Begin MonoManager ReloadAssembly
Registering precompiled unity dll's ...
Register platform support module: L:/Unity/2020.3.20f1/Editor/Data/PlaybackEngines/WindowsStandaloneSupport/UnityEditor.WindowsStandalone.Extensions.dll
Registered in 0.001035 seconds.
Native extension for WindowsStandalone target not found
Refreshing native plugins compatible for Editor in 25.09 ms, found 2 plugins.
Preloading 0 native plugins for Editor in 0.00 ms.
Mono: successfully reloaded assembly
- Completed reload, in  0.859 seconds
Domain Reload Profiling:
	ReloadAssembly (860ms)
		BeginReloadAssembly (51ms)
			ExecutionOrderSort (0ms)
			DisableScriptedObjects (0ms)
			BackupInstance (0ms)
			ReleaseScriptingObjects (0ms)
			CreateAndSetChildDomain (1ms)
		EndReloadAssembly (378ms)
			LoadAssemblies (50ms)
			RebuildTransferFunctionScriptingTraits (0ms)
			SetupTypeCache (142ms)
			ReleaseScriptCaches (0ms)
			RebuildScriptCaches (31ms)
			SetupLoadedEditorAssemblies (144ms)
				LogAssemblyErrors (0ms)
				InitializePlatformSupportModulesInManaged (3ms)
				SetLoadedEditorAssemblies (0ms)
				RefreshPlugins (25ms)
				BeforeProcessingInitializeOnLoad (15ms)
				ProcessInitializeOnLoadAttributes (72ms)
				ProcessInitializeOnLoadMethodAttributes (28ms)
				AfterProcessingInitializeOnLoad (0ms)
				EditorAssembliesLoaded (0ms)
			ExecutionOrderSort2 (0ms)
			AwakeInstancesAfterBackupRestoration (0ms)
Platform modules already initialized, skipping
Registering precompiled user dll's ...
Registered in 0.001865 seconds.
Begin MonoManager ReloadAssembly
Native extension for WindowsStandalone target not found
Refreshing native plugins compatible for Editor in 0.35 ms, found 2 plugins.
Preloading 0 native plugins for Editor in 0.00 ms.
Mono: successfully reloaded assembly
- Completed reload, in  0.928 seconds
Domain Reload Profiling:
	ReloadAssembly (929ms)
		BeginReloadAssembly (133ms)
			ExecutionOrderSort (0ms)
			DisableScriptedObjects (4ms)
			BackupInstance (0ms)
			ReleaseScriptingObjects (0ms)
			CreateAndSetChildDomain (17ms)
		EndReloadAssembly (743ms)
			LoadAssemblies (81ms)
			RebuildTransferFunctionScriptingTraits (0ms)
			SetupTypeCache (266ms)
			ReleaseScriptCaches (0ms)
			RebuildScriptCaches (40ms)
			SetupLoadedEditorAssemblies (273ms)
				LogAssemblyErrors (0ms)
				InitializePlatformSupportModulesInManaged (4ms)
				SetLoadedEditorAssemblies (0ms)
				RefreshPlugins (0ms)
				BeforeProcessingInitializeOnLoad (67ms)
				ProcessInitializeOnLoadAttributes (195ms)
				ProcessInitializeOnLoadMethodAttributes (4ms)
				AfterProcessingInitializeOnLoad (2ms)
				EditorAssembliesLoaded (0ms)
			ExecutionOrderSort2 (0ms)
			AwakeInstancesAfterBackupRestoration (7ms)
Platform modules already initialized, skipping
========================================================================
Worker process is ready to serve import requests
Launched and connected shader compiler UnityShaderCompiler.exe after 0.06 seconds
Refreshing native plugins compatible for Editor in 0.28 ms, found 2 plugins.
Preloading 0 native plugins for Editor in 0.00 ms.
Unloading 1405 Unused Serialized files (Serialized files now loaded: 0)
System memory in use before: 65.0 MB.
System memory in use after: 65.1 MB.

Unloading 16 unused Assets to reduce memory usage. Loaded Objects now: 1840.
Total: 3.142100 ms (FindLiveObjects: 0.149600 ms CreateObjectMapping: 0.037900 ms MarkObjects: 2.892400 ms  DeleteObjects: 0.061100 ms)

AssetImportParameters requested are different than current active one (requested -> active):
  custom:framework-win-MediaFoundation: 216162199b28c13a410421893ffa2e32 -> 
  custom:video-decoder-ogg-theora: a1e56fd34408186e4bbccfd4996cb3dc -> 
  custom:container-muxer-webm: aa71ff27fc2769a1b78a27578f13a17b -> 
  custom:container-demuxer-webm: 4f35f7cbe854078d1ac9338744f61a02 -> 
  custom:container-demuxer-ogg: 62fdf1f143b41e24485cea50d1cbac27 -> 
  custom:video-encoder-webm-vp8: eb34c28f22e8b96e1ab97ce403110664 -> 
  custom:video-decoder-webm-vp8: 9c59270c3fd7afecdb556c50c9e8de78 -> 
  custom:audio-decoder-ogg-vorbis: bf7c407c2cedff20999df2af8eb42d56 -> 
  custom:audio-encoder-webm-vorbis: bf7c407c2cedff20999df2af8eb42d56 -> 
========================================================================
Received Import Request.
  path: Assets/Kevin'sPrefabMaze/MazeSection(E-S)2.prefab
  artifactKey: Guid(ed84ce0d4e4a61b498bb4c7bbe3676ac) Importer(815301076,1909f56bfc062723c751e8b465ee728b)
Start importing Assets/Kevin'sPrefabMaze/MazeSection(E-S)2.prefab using Guid(ed84ce0d4e4a61b498bb4c7bbe3676ac) Importer(815301076,1909f56bfc062723c751e8b465ee728b)  -> (artifact id: '26f88e09fd8b9cdb5ecb362df235db1e') in 0.342397 seconds 
  Import took 0.344565 seconds .

========================================================================
Received Import Request.
  Time since last request: 0.000220 seconds.
  path: Assets/Kevin'sPrefabMaze/MazeSection(N-S)2.prefab
  artifactKey: Guid(f62837bc02fa9da4cbd09d2b26b7a36c) Importer(815301076,1909f56bfc062723c751e8b465ee728b)
Start importing Assets/Kevin'sPrefabMaze/MazeSection(N-S)2.prefab using Guid(f62837bc02fa9da4cbd09d2b26b7a36c) Importer(815301076,1909f56bfc062723c751e8b465ee728b)  -> (artifact id: 'c0bfce0f14618eafcf74e58a639e676a') in 0.014986 seconds 
  Import took 0.018434 seconds .

========================================================================
Received Import Request.
  Time since last request: 0.000215 seconds.
  path: Assets/Kevin'sPrefabMaze/MazeSection(N-E)2.prefab
  artifactKey: Guid(4ad7b21907ceead40a9cc46ce00b7f38) Importer(815301076,1909f56bfc062723c751e8b465ee728b)
Start importing Assets/Kevin'sPrefabMaze/MazeSection(N-E)2.prefab using Guid(4ad7b21907ceead40a9cc46ce00b7f38) Importer(815301076,1909f56bfc062723c751e8b465ee728b)  -> (artifact id: '70b3aff893c19e5c309194d3b5ef4536') in 0.013198 seconds 
  Import took 0.015474 seconds .

========================================================================
Received Import Request.
  Time since last request: 0.000276 seconds.
  path: Assets/Kevin'sPrefabMaze/UnconfiguredMazeSection.prefab
  artifactKey: Guid(230437ce6825fcc4798ff4d57801f3a4) Importer(815301076,1909f56bfc062723c751e8b465ee728b)
Start importing Assets/Kevin'sPrefabMaze/UnconfiguredMazeSection.prefab using Guid(230437ce6825fcc4798ff4d57801f3a4) Importer(815301076,1909f56bfc062723c751e8b465ee728b)  -> (artifact id: '49f13d328bf14d1eadd194e1dfb7c92b') in 0.012338 seconds 
  Import took 0.014794 seconds .

========================================================================
Received Import Request.
  Time since last request: 0.000271 seconds.
  path: Assets/Kevin'sPrefabMaze/Column.prefab
  artifactKey: Guid(c232c7476427bcb43b083a2719a860b2) Importer(815301076,1909f56bfc062723c751e8b465ee728b)
Start importing Assets/Kevin'sPrefabMaze/Column.prefab using Guid(c232c7476427bcb43b083a2719a860b2) Importer(815301076,1909f56bfc062723c751e8b465ee728b)  -> (artifact id: '4ce12b39c990e1cb9e74f1c0a29a48ff') in 0.012320 seconds 
  Import took 0.014851 seconds .

========================================================================
Received Import Request.
  Time since last request: 0.000324 seconds.
  path: Assets/Kevin'sPrefabMaze/MazeSection(E-S)1.prefab
  artifactKey: Guid(37ed5aebfd2d09a41a94c9edb2effac6) Importer(815301076,1909f56bfc062723c751e8b465ee728b)
Start importing Assets/Kevin'sPrefabMaze/MazeSection(E-S)1.prefab using Guid(37ed5aebfd2d09a41a94c9edb2effac6) Importer(815301076,1909f56bfc062723c751e8b465ee728b)  -> (artifact id: '4998f228109f8a12060bc990240fd40c') in 0.013032 seconds 
  Import took 0.016360 seconds .

========================================================================
Received Import Request.
  Time since last request: 0.000348 seconds.
  path: Assets/Kevin'sPrefabMaze
  artifactKey: Guid(c379d4e797a0ce04193b424647fcc1d9) Importer(815301076,1909f56bfc062723c751e8b465ee728b)
Start importing Assets/Kevin'sPrefabMaze using Guid(c379d4e797a0ce04193b424647fcc1d9) Importer(815301076,1909f56bfc062723c751e8b465ee728b)  -> (artifact id: '4c56e68a00bb6bada8fb3d94659f513e') in 0.014020 seconds 
  Import took 0.016955 seconds .

========================================================================
Received Import Request.
  Time since last request: 0.000303 seconds.
  path: Assets/Kevin'sPrefabMaze/MazeSection(N-E)1.prefab
  artifactKey: Guid(491537201abe69b429aa8a28825b6fab) Importer(815301076,1909f56bfc062723c751e8b465ee728b)
Start importing Assets/Kevin'sPrefabMaze/MazeSection(N-E)1.prefab using Guid(491537201abe69b429aa8a28825b6fab) Importer(815301076,1909f56bfc062723c751e8b465ee728b)  -> (artifact id: '3cf5dce63cbbe08d9440dcdb07f0f6ba') in 0.011647 seconds 
  Import took 0.014543 seconds .

========================================================================
Received Import Request.
  Time since last request: 0.000253 seconds.
  path: Assets/Kevin'sPrefabMaze/Wall.prefab
  artifactKey: Guid(464957f101992f74f9727269792ea9ed) Importer(815301076,1909f56bfc062723c751e8b465ee728b)
Start importing Assets/Kevin'sPrefabMaze/Wall.prefab using Guid(464957f101992f74f9727269792ea9ed) Importer(815301076,1909f56bfc062723c751e8b465ee728b)  -> (artifact id: '78e0ce5378dcaeac1470a5be459d8d4c') in 0.010340 seconds 
  Import took 0.012827 seconds .

========================================================================
Received Import Request.
  Time since last request: 0.000244 seconds.
  path: Assets/Kevin'sPrefabMaze/MazeSection(N-S)1.prefab
  artifactKey: Guid(64d561098e4c8b74da4a86f497bbf101) Importer(815301076,1909f56bfc062723c751e8b465ee728b)
Start importing Assets/Kevin'sPrefabMaze/MazeSection(N-S)1.prefab using Guid(64d561098e4c8b74da4a86f497bbf101) Importer(815301076,1909f56bfc062723c751e8b465ee728b)  -> (artifact id: '4a8378e577f2a307c1ff35c8b376afc2') in 0.013468 seconds 
  Import took 0.016540 seconds .

========================================================================
Received Import Request.
  Time since last request: 4.110753 seconds.
  path: Assets/Scenes/SampleScene.unity
  artifactKey: Guid(9fc0d4010bbf28b4594072e72b8655ab) Importer(815301076,1909f56bfc062723c751e8b465ee728b)
Start importing Assets/Scenes/SampleScene.unity using Guid(9fc0d4010bbf28b4594072e72b8655ab) Importer(815301076,1909f56bfc062723c751e8b465ee728b)  -> (artifact id: '85059f4f9e1a832ed95adaa0d25c5c4c') in 0.007917 seconds 
  Import took 0.010596 seconds .

========================================================================
Received Import Request.
  Time since last request: 10.776395 seconds.
  path: Assets/Scenes/BaseScene.unity
  artifactKey: Guid(9fc0d4010bbf28b4594072e72b8655ab) Importer(815301076,1909f56bfc062723c751e8b465ee728b)
Start importing Assets/Scenes/BaseScene.unity using Guid(9fc0d4010bbf28b4594072e72b8655ab) Importer(815301076,1909f56bfc062723c751e8b465ee728b)  -> (artifact id: 'b8f264dbb852d2fcce0c362889b39a9f') in 0.005965 seconds 
  Import took 0.008234 seconds .

========================================================================
Received Import Request.
  Time since last request: 3.862936 seconds.
  path: Assets/Kevin'sPrefabMaze/Scripts
  artifactKey: Guid(ce85e48eb9fdb4bb6830644143300d48) Importer(815301076,1909f56bfc062723c751e8b465ee728b)
Start importing Assets/Kevin'sPrefabMaze/Scripts using Guid(ce85e48eb9fdb4bb6830644143300d48) Importer(815301076,1909f56bfc062723c751e8b465ee728b)  -> (artifact id: '4300cdb0eb98ba370229b1e5e0d6d062') in 0.005672 seconds 
  Import took 0.007962 seconds .

AssetImportWorkerClient::OnTransportError - code=2 error=End of file
