Using pre-set license
Built from '2020.3/staging' branch; Version is '2020.3.20f1 (41c4e627c95f) revision 4310246'; Using compiler version '192528614'; Build Type 'Release'
OS: 'Windows 10 Home; OS build 19042.1237; Version 2009; 64bit' Language: 'en' Physical Memory: 16322 MB
BatchMode: 1, IsHumanControllingUs: 0, StartBugReporterOnCrash: 0, Is64bit: 1, IsPro: 0

COMMAND LINE ARGUMENTS:
L:\Unity\2020.3.20f1\Editor\Unity.exe
-adb2
-batchMode
-noUpm
-name
AssetImportWorker0
-projectPath
L:/Unity/Scaffold Project (Group 10)
-logFile
Logs/AssetImportWorker0.log
-srvPort
61768
Successfully changed project path to: L:/Unity/Scaffold Project (Group 10)
L:/Unity/Scaffold Project (Group 10)
Using Asset Import Pipeline V2.
Refreshing native plugins compatible for Editor in 37.21 ms, found 2 plugins.
Preloading 0 native plugins for Editor in 0.00 ms.
Initialize engine version: 2020.3.20f1 (41c4e627c95f)
[Subsystems] Discovering subsystems at path L:/Unity/2020.3.20f1/Editor/Data/Resources/UnitySubsystems
[Subsystems] Discovering subsystems at path L:/Unity/Scaffold Project (Group 10)/Assets
GfxDevice: creating device client; threaded=0
Direct3D:
    Version:  Direct3D 11.0 [level 11.1]
    Renderer: Radeon (TM) RX 480 Graphics (ID=0x67df)
    Vendor:   
    VRAM:     8171 MB
    Driver:   30.0.13025.5005
Initialize mono
Mono path[0] = 'L:/Unity/2020.3.20f1/Editor/Data/Managed'
Mono path[1] = 'L:/Unity/2020.3.20f1/Editor/Data/MonoBleedingEdge/lib/mono/unityjit'
Mono config path = 'L:/Unity/2020.3.20f1/Editor/Data/MonoBleedingEdge/etc'
Using monoOptions --debugger-agent=transport=dt_socket,embedding=1,server=y,suspend=n,address=127.0.0.1:56072
Begin MonoManager ReloadAssembly
Registering precompiled unity dll's ...
Register platform support module: L:/Unity/2020.3.20f1/Editor/Data/PlaybackEngines/WindowsStandaloneSupport/UnityEditor.WindowsStandalone.Extensions.dll
Registered in 0.001134 seconds.
Native extension for WindowsStandalone target not found
Refreshing native plugins compatible for Editor in 31.62 ms, found 2 plugins.
Preloading 0 native plugins for Editor in 0.00 ms.
Mono: successfully reloaded assembly
- Completed reload, in  0.910 seconds
Domain Reload Profiling:
	ReloadAssembly (910ms)
		BeginReloadAssembly (51ms)
			ExecutionOrderSort (0ms)
			DisableScriptedObjects (0ms)
			BackupInstance (0ms)
			ReleaseScriptingObjects (0ms)
			CreateAndSetChildDomain (1ms)
		EndReloadAssembly (416ms)
			LoadAssemblies (50ms)
			RebuildTransferFunctionScriptingTraits (0ms)
			SetupTypeCache (158ms)
			ReleaseScriptCaches (0ms)
			RebuildScriptCaches (33ms)
			SetupLoadedEditorAssemblies (161ms)
				LogAssemblyErrors (0ms)
				InitializePlatformSupportModulesInManaged (3ms)
				SetLoadedEditorAssemblies (0ms)
				RefreshPlugins (32ms)
				BeforeProcessingInitializeOnLoad (16ms)
				ProcessInitializeOnLoadAttributes (82ms)
				ProcessInitializeOnLoadMethodAttributes (28ms)
				AfterProcessingInitializeOnLoad (0ms)
				EditorAssembliesLoaded (0ms)
			ExecutionOrderSort2 (0ms)
			AwakeInstancesAfterBackupRestoration (0ms)
Platform modules already initialized, skipping
Registering precompiled user dll's ...
Registered in 0.002108 seconds.
Begin MonoManager ReloadAssembly
Native extension for WindowsStandalone target not found
Refreshing native plugins compatible for Editor in 0.34 ms, found 2 plugins.
Preloading 0 native plugins for Editor in 0.00 ms.
Mono: successfully reloaded assembly
- Completed reload, in  1.031 seconds
Domain Reload Profiling:
	ReloadAssembly (1032ms)
		BeginReloadAssembly (138ms)
			ExecutionOrderSort (0ms)
			DisableScriptedObjects (4ms)
			BackupInstance (0ms)
			ReleaseScriptingObjects (0ms)
			CreateAndSetChildDomain (21ms)
		EndReloadAssembly (839ms)
			LoadAssemblies (79ms)
			RebuildTransferFunctionScriptingTraits (0ms)
			SetupTypeCache (286ms)
			ReleaseScriptCaches (0ms)
			RebuildScriptCaches (48ms)
			SetupLoadedEditorAssemblies (324ms)
				LogAssemblyErrors (0ms)
				InitializePlatformSupportModulesInManaged (5ms)
				SetLoadedEditorAssemblies (0ms)
				RefreshPlugins (0ms)
				BeforeProcessingInitializeOnLoad (78ms)
				ProcessInitializeOnLoadAttributes (232ms)
				ProcessInitializeOnLoadMethodAttributes (6ms)
				AfterProcessingInitializeOnLoad (2ms)
				EditorAssembliesLoaded (0ms)
			ExecutionOrderSort2 (0ms)
			AwakeInstancesAfterBackupRestoration (6ms)
Platform modules already initialized, skipping
========================================================================
Worker process is ready to serve import requests
Launched and connected shader compiler UnityShaderCompiler.exe after 0.08 seconds
Refreshing native plugins compatible for Editor in 0.41 ms, found 2 plugins.
Preloading 0 native plugins for Editor in 0.00 ms.
Unloading 1585 Unused Serialized files (Serialized files now loaded: 0)
System memory in use before: 86.1 MB.
System memory in use after: 86.2 MB.

Unloading 17 unused Assets to reduce memory usage. Loaded Objects now: 2038.
Total: 3.065700 ms (FindLiveObjects: 0.189500 ms CreateObjectMapping: 0.065800 ms MarkObjects: 2.719600 ms  DeleteObjects: 0.089500 ms)

AssetImportParameters requested are different than current active one (requested -> active):
  custom:framework-win-MediaFoundation: 216162199b28c13a410421893ffa2e32 -> 
  custom:video-decoder-ogg-theora: a1e56fd34408186e4bbccfd4996cb3dc -> 
  custom:container-muxer-webm: aa71ff27fc2769a1b78a27578f13a17b -> 
  custom:container-demuxer-webm: 4f35f7cbe854078d1ac9338744f61a02 -> 
  custom:container-demuxer-ogg: 62fdf1f143b41e24485cea50d1cbac27 -> 
  custom:video-encoder-webm-vp8: eb34c28f22e8b96e1ab97ce403110664 -> 
  custom:video-decoder-webm-vp8: 9c59270c3fd7afecdb556c50c9e8de78 -> 
  custom:audio-decoder-ogg-vorbis: bf7c407c2cedff20999df2af8eb42d56 -> 
  custom:audio-encoder-webm-vorbis: bf7c407c2cedff20999df2af8eb42d56 -> 
========================================================================
Received Import Request.
  path: Assets/Kevin'sPrefabMaze/UnconfiguredMazeSection.prefab
  artifactKey: Guid(230437ce6825fcc4798ff4d57801f3a4) Importer(815301076,1909f56bfc062723c751e8b465ee728b)
Start importing Assets/Kevin'sPrefabMaze/UnconfiguredMazeSection.prefab using Guid(230437ce6825fcc4798ff4d57801f3a4) Importer(815301076,1909f56bfc062723c751e8b465ee728b)  -> (artifact id: 'f4a838ec8629161f82f8e7848d34f2ae') in 0.175565 seconds 
  Import took 0.180378 seconds .

========================================================================
Received Import Request.
  Time since last request: 0.000209 seconds.
  path: Assets/Kevin'sPrefabMaze/UnconfiguredMazeSection.prefab
  artifactKey: Guid(230437ce6825fcc4798ff4d57801f3a4) Importer(815301076,1909f56bfc062723c751e8b465ee728b)
Start importing Assets/Kevin'sPrefabMaze/UnconfiguredMazeSection.prefab using Guid(230437ce6825fcc4798ff4d57801f3a4) Importer(815301076,1909f56bfc062723c751e8b465ee728b)  -> (artifact id: '0c3183dfb17cd83b2b96c04fe21860f5') in 0.016582 seconds 
  Import took 0.020188 seconds .

========================================================================
Received Import Request.
  Time since last request: 22.122024 seconds.
  path: Assets/Kevin'sPrefabMaze/Pillar.prefab
  artifactKey: Guid(c5f5b44e78a37294b885223b28720aaf) Importer(815301076,1909f56bfc062723c751e8b465ee728b)
Start importing Assets/Kevin'sPrefabMaze/Pillar.prefab using Guid(c5f5b44e78a37294b885223b28720aaf) Importer(815301076,1909f56bfc062723c751e8b465ee728b)  -> (artifact id: 'f2324c8d02eada34ba7d08b849dbf475') in 0.015996 seconds 
  Import took 0.019049 seconds .

========================================================================
Received Import Request.
  Time since last request: 508.574366 seconds.
  path: Assets/Kevin'sPrefabMaze/Starting Box.prefab
  artifactKey: Guid(03c6cab7d4cf1cd4db9f7b0ac69b1926) Importer(815301076,1909f56bfc062723c751e8b465ee728b)
Start importing Assets/Kevin'sPrefabMaze/Starting Box.prefab using Guid(03c6cab7d4cf1cd4db9f7b0ac69b1926) Importer(815301076,1909f56bfc062723c751e8b465ee728b)  -> (artifact id: 'b6daeed0bae7da13663bdf4025b09d60') in 0.012651 seconds 
  Import took 0.016240 seconds .

========================================================================
Received Import Request.
  Time since last request: 8.414272 seconds.
  path: Assets/Kevin'sPrefabMaze/Player Box.prefab
  artifactKey: Guid(03c6cab7d4cf1cd4db9f7b0ac69b1926) Importer(815301076,1909f56bfc062723c751e8b465ee728b)
Start importing Assets/Kevin'sPrefabMaze/Player Box.prefab using Guid(03c6cab7d4cf1cd4db9f7b0ac69b1926) Importer(815301076,1909f56bfc062723c751e8b465ee728b)  -> (artifact id: '7eb8e39e8541ecbd4a4973a4155cc85b') in 0.011078 seconds 
  Import took 0.014320 seconds .

========================================================================
Received Import Request.
  Time since last request: 25.311842 seconds.
  path: Assets/Kevin'sPrefabMaze/Starting Box.prefab
  artifactKey: Guid(03c6cab7d4cf1cd4db9f7b0ac69b1926) Importer(815301076,1909f56bfc062723c751e8b465ee728b)
Start importing Assets/Kevin'sPrefabMaze/Starting Box.prefab using Guid(03c6cab7d4cf1cd4db9f7b0ac69b1926) Importer(815301076,1909f56bfc062723c751e8b465ee728b)  -> (artifact id: '9ec5da343c1b4f0bdbfc50b5b513e1c6') in 0.011133 seconds 
  Import took 0.014734 seconds .

========================================================================
Received Import Request.
  Time since last request: 143.349665 seconds.
  path: Assets/Kevin'sPrefabMaze/Start_End Box.prefab
  artifactKey: Guid(35f5840052ced484c8d53972cf123c5c) Importer(815301076,1909f56bfc062723c751e8b465ee728b)
Start importing Assets/Kevin'sPrefabMaze/Start_End Box.prefab using Guid(35f5840052ced484c8d53972cf123c5c) Importer(815301076,1909f56bfc062723c751e8b465ee728b)  -> (artifact id: '315009d546c1b2a73d8841e7d3b5c236') in 0.012246 seconds 
  Import took 0.016327 seconds .

========================================================================
Received Prepare
Registering precompiled user dll's ...
Registered in 0.002106 seconds.
Begin MonoManager ReloadAssembly
Native extension for WindowsStandalone target not found
Refreshing native plugins compatible for Editor in 0.34 ms, found 2 plugins.
Preloading 0 native plugins for Editor in 0.00 ms.
Mono: successfully reloaded assembly
- Completed reload, in  1.114 seconds
Domain Reload Profiling:
	ReloadAssembly (1114ms)
		BeginReloadAssembly (102ms)
			ExecutionOrderSort (0ms)
			DisableScriptedObjects (4ms)
			BackupInstance (0ms)
			ReleaseScriptingObjects (0ms)
			CreateAndSetChildDomain (34ms)
		EndReloadAssembly (957ms)
			LoadAssemblies (84ms)
			RebuildTransferFunctionScriptingTraits (0ms)
			SetupTypeCache (272ms)
			ReleaseScriptCaches (1ms)
			RebuildScriptCaches (40ms)
			SetupLoadedEditorAssemblies (329ms)
				LogAssemblyErrors (0ms)
				InitializePlatformSupportModulesInManaged (5ms)
				SetLoadedEditorAssemblies (0ms)
				RefreshPlugins (0ms)
				BeforeProcessingInitializeOnLoad (63ms)
				ProcessInitializeOnLoadAttributes (254ms)
				ProcessInitializeOnLoadMethodAttributes (4ms)
				AfterProcessingInitializeOnLoad (2ms)
				EditorAssembliesLoaded (0ms)
			ExecutionOrderSort2 (0ms)
			AwakeInstancesAfterBackupRestoration (6ms)
Platform modules already initialized, skipping
Refreshing native plugins compatible for Editor in 0.35 ms, found 2 plugins.
Preloading 0 native plugins for Editor in 0.00 ms.
Unloading 1564 Unused Serialized files (Serialized files now loaded: 0)
System memory in use before: 87.7 MB.
System memory in use after: 87.8 MB.

Unloading 13 unused Assets to reduce memory usage. Loaded Objects now: 2048.
Total: 117.029700 ms (FindLiveObjects: 112.547200 ms CreateObjectMapping: 0.161800 ms MarkObjects: 4.286200 ms  DeleteObjects: 0.030900 ms)

AssetImportParameters requested are different than current active one (requested -> active):
  custom:framework-win-MediaFoundation: 216162199b28c13a410421893ffa2e32 -> 
  custom:video-decoder-ogg-theora: a1e56fd34408186e4bbccfd4996cb3dc -> 
  custom:container-muxer-webm: aa71ff27fc2769a1b78a27578f13a17b -> 
  custom:container-demuxer-webm: 4f35f7cbe854078d1ac9338744f61a02 -> 
  custom:container-demuxer-ogg: 62fdf1f143b41e24485cea50d1cbac27 -> 
  custom:video-encoder-webm-vp8: eb34c28f22e8b96e1ab97ce403110664 -> 
  custom:video-decoder-webm-vp8: 9c59270c3fd7afecdb556c50c9e8de78 -> 
  custom:audio-decoder-ogg-vorbis: bf7c407c2cedff20999df2af8eb42d56 -> 
  custom:audio-encoder-webm-vorbis: bf7c407c2cedff20999df2af8eb42d56 -> 
========================================================================
Received Import Request.
  Time since last request: 3399.620594 seconds.
  path: Assets/Kevin'sPrefabMaze/Maze Floor.prefab
  artifactKey: Guid(d77e99e19f654394286abcea60d6961e) Importer(815301076,1909f56bfc062723c751e8b465ee728b)
Start importing Assets/Kevin'sPrefabMaze/Maze Floor.prefab using Guid(d77e99e19f654394286abcea60d6961e) Importer(815301076,1909f56bfc062723c751e8b465ee728b)  -> (artifact id: '255fa6508c2f8d1f468ad8e8cabff408') in 0.127817 seconds 
  Import took 0.174034 seconds .

========================================================================
Received Import Request.
  Time since last request: 2.255145 seconds.
  path: Assets/Kevin'sPrefabMaze/Maze.prefab
  artifactKey: Guid(d77e99e19f654394286abcea60d6961e) Importer(815301076,1909f56bfc062723c751e8b465ee728b)
Start importing Assets/Kevin'sPrefabMaze/Maze.prefab using Guid(d77e99e19f654394286abcea60d6961e) Importer(815301076,1909f56bfc062723c751e8b465ee728b)  -> (artifact id: 'c43d361ba1050daafcd258d2881b760e') in 0.014833 seconds 
  Import took 0.018452 seconds .

========================================================================
Received Import Request.
  Time since last request: 7.709092 seconds.
  path: Assets/Kevin'sPrefabMaze/KevinPrefabMaze1.prefab
  artifactKey: Guid(d77e99e19f654394286abcea60d6961e) Importer(815301076,1909f56bfc062723c751e8b465ee728b)
Start importing Assets/Kevin'sPrefabMaze/KevinPrefabMaze1.prefab using Guid(d77e99e19f654394286abcea60d6961e) Importer(815301076,1909f56bfc062723c751e8b465ee728b)  -> (artifact id: '8ed12af692cd9ee98091a29dafbe94a5') in 0.013689 seconds 
  Import took 0.016811 seconds .

========================================================================
Received Import Request.
  Time since last request: 14.349665 seconds.
  path: Assets/Kevin'sPrefabMaze/Maze Floor.prefab
  artifactKey: Guid(eb33b99ddcc3d2a49b851a249363d821) Importer(815301076,1909f56bfc062723c751e8b465ee728b)
Start importing Assets/Kevin'sPrefabMaze/Maze Floor.prefab using Guid(eb33b99ddcc3d2a49b851a249363d821) Importer(815301076,1909f56bfc062723c751e8b465ee728b)  -> (artifact id: '073f449684b1a6ae618ee9fc64597ab5') in 0.013981 seconds 
  Import took 0.017495 seconds .

========================================================================
Received Import Request.
  Time since last request: 8.834081 seconds.
  path: Assets/Kevin'sPrefabMaze/KevinPrefabMaze1.prefab
  artifactKey: Guid(eb33b99ddcc3d2a49b851a249363d821) Importer(815301076,1909f56bfc062723c751e8b465ee728b)
Start importing Assets/Kevin'sPrefabMaze/KevinPrefabMaze1.prefab using Guid(eb33b99ddcc3d2a49b851a249363d821) Importer(815301076,1909f56bfc062723c751e8b465ee728b)  -> (artifact id: '003578d54291bd4832940c535b1fa8d2') in 0.009916 seconds 
  Import took 0.013463 seconds .

AssetImportWorkerClient::OnTransportError - code=2 error=End of file
